<?xml version="1.0" encoding="UTF-8"?>
<!-- Generated by org.testng.reporters.JUnitReportReporter -->
<testsuite skipped="0" hostname="DESKTOP-N5P14JG" name="com.training.sanity.tests.unf039" tests="1" failures="0" timestamp="2019-11-20T12:18:04 IST" time="28.897" errors="0">
  <testcase name="UnifAdmnEditCategory" time="28.897" classname="com.training.sanity.tests.unf039"/>
</testsuite> <!-- com.training.sanity.tests.unf039 -->
