<?xml version="1.0" encoding="UTF-8"?>
<!-- Generated by org.testng.reporters.JUnitReportReporter -->
<testsuite skipped="0" hostname="DESKTOP-N5P14JG" name="com.training.sanity.tests.ufm007" tests="1" failures="0" timestamp="2019-11-15T07:16:13 IST" time="36.274" errors="0">
  <testcase name="ChangePasswordErrMessgTest" time="36.274" classname="com.training.sanity.tests.ufm007"/>
</testsuite> <!-- com.training.sanity.tests.ufm007 -->
