<?xml version="1.0" encoding="UTF-8"?>
<!-- Generated by org.testng.reporters.JUnitReportReporter -->
<testsuite skipped="0" hostname="DESKTOP-N5P14JG" name="com.training.sanity.tests.LoginTests" tests="1" failures="0" timestamp="2019-11-12T12:44:09 IST" time="21.699" errors="0">
  <testcase name="validLoginTest" time="21.699" classname="com.training.sanity.tests.LoginTests"/>
</testsuite> <!-- com.training.sanity.tests.LoginTests -->
