<?xml version="1.0" encoding="UTF-8"?>
<!-- Generated by org.testng.reporters.JUnitReportReporter -->
<testsuite skipped="0" hostname="DESKTOP-N5P14JG" name="com.training.sanity.tests.ufm008" tests="1" failures="0" timestamp="2019-11-15T10:27:03 IST" time="20.601" errors="0">
  <testcase name="ProductAddTest" time="20.601" classname="com.training.sanity.tests.ufm008"/>
</testsuite> <!-- com.training.sanity.tests.ufm008 -->
