<?xml version="1.0" encoding="UTF-8"?>
<!-- Generated by org.testng.reporters.JUnitReportReporter -->
<testsuite skipped="0" hostname="DESKTOP-N5P14JG" name="com.training.sanity.tests.unf037" tests="4" failures="0" timestamp="2019-11-19T11:54:52 IST" time="68.000" errors="0">
  <testcase name="UnifAdminInvalidLoginTest" time="16.213" classname="com.training.sanity.tests.unf037"/>
  <testcase name="UnifAdminInvalidLoginTest" time="15.363" classname="com.training.sanity.tests.unf037"/>
  <testcase name="UnifAdminInvalidLoginTest" time="15.729" classname="com.training.sanity.tests.unf037"/>
  <testcase name="UnifAdminInvalidLoginTest" time="20.695" classname="com.training.sanity.tests.unf037"/>
</testsuite> <!-- com.training.sanity.tests.unf037 -->
