<?xml version="1.0" encoding="UTF-8"?>
<!-- Generated by org.testng.reporters.JUnitReportReporter -->
<testsuite skipped="0" hostname="DESKTOP-N5P14JG" name="com.training.sanity.tests.ufm009" tests="1" failures="0" timestamp="2019-11-15T11:00:13 IST" time="43.040" errors="0">
  <testcase name="RemProductFromCartTest" time="43.040" classname="com.training.sanity.tests.ufm009"/>
</testsuite> <!-- com.training.sanity.tests.ufm009 -->
